<?xml version="1.0" encoding="UTF-8"?>
<!-- Generated by org.testng.reporters.JUnitReportReporter -->
<testsuite hostname="DESKTOP-0HLK68D" failures="0" tests="1" name="testpackage.Logintest" time="7.890" errors="0" timestamp="2021-10-07T20:55:04 EDT" skipped="0">
  <testcase classname="testpackage.Logintest" name="validusershouldbeabletologin" time="7.890"/>
  <system-out/>
</testsuite> <!-- testpackage.Logintest -->
