<?xml version="1.0" encoding="UTF-8"?>
<!-- Generated by org.testng.reporters.JUnitReportReporter -->
<testsuite hostname="DESKTOP-0HLK68D" failures="0" tests="1" name="util.Browserfactory" time="4.913" errors="0" timestamp="2021-10-07T03:55:33 EDT" skipped="0">
  <testcase classname="util.Browserfactory" name="init" time="4.913"/>
  <system-out/>
</testsuite> <!-- util.Browserfactory -->
