<?xml version="1.0" encoding="UTF-8"?>
<!-- Generated by org.testng.reporters.JUnitReportReporter -->
<testsuite hostname="DESKTOP-0HLK68D" failures="0" tests="1" name="testpackage.Addcustomertest" time="9.497" errors="0" timestamp="2021-10-07T21:59:31 EDT" skipped="0">
  <testcase classname="testpackage.Addcustomertest" name="usershouldbeabletocreatecustomer" time="9.497"/>
  <system-out/>
</testsuite> <!-- testpackage.Addcustomertest -->
